  0:00 ------------------------------------------------------------
  0:00 InitGame: \fs_game\mods/spe\g_compassShowEnemies\0\g_gametype\war\gamename\Call of Duty 4\mapname\mp_shipment\protocol\6\shortversion\1.7\sv_allowAnonymous\0\sv_disableClientConsole\0\sv_floodprotect\4\sv_hostname\CoD4Host\sv_maxclients\24\sv_maxPing\0\sv_maxRate\5000\sv_minPing\0\sv_privateClients\0\sv_punkbuster\0\sv_pure\1\sv_voice\0\ui_maxclients\32\version\CoD4 MP 1.8 win_mingw-x86-debug Aug 23 2017
  0:00 ShutdownGame:
  0:00 ------------------------------------------------------------
  0:00 ------------------------------------------------------------
  0:00 InitGame: \fs_game\mods/spe\g_compassShowEnemies\0\g_gametype\war\gamename\Call of Duty 4\mapname\mp_shipment\protocol\6\shortversion\1.7\sv_allowAnonymous\0\sv_disableClientConsole\0\sv_floodprotect\4\sv_hostname\CoD4Host\sv_maxclients\24\sv_maxPing\0\sv_maxRate\5000\sv_minPing\0\sv_privateClients\0\sv_punkbuster\0\sv_pure\1\sv_voice\0\ui_maxclients\32\version\CoD4 MP 1.8 win_mingw-x86-debug Aug 23 2017
  0:00 ShutdownGame:
  0:00 ------------------------------------------------------------
  0:00 ------------------------------------------------------------
  0:00 InitGame: \fs_game\mods/spe\g_compassShowEnemies\0\g_gametype\war\gamename\Call of Duty 4\mapname\mp_shipment\protocol\6\shortversion\1.7\sv_allowAnonymous\0\sv_disableClientConsole\0\sv_floodprotect\4\sv_hostname\CoD4Host\sv_maxclients\24\sv_maxPing\0\sv_maxRate\5000\sv_minPing\0\sv_privateClients\0\sv_punkbuster\0\sv_pure\1\sv_voice\0\ui_maxclients\32\version\CoD4 MP 1.8 win_mingw-x86-debug Aug 23 2017
  0:02 J;;0;Professor Um
  0:04 ShutdownGame:
  0:04 ------------------------------------------------------------
  0:00 ------------------------------------------------------------
  0:00 InitGame: \fs_game\mods/spe\g_compassShowEnemies\0\g_gametype\war\gamename\Call of Duty 4\mapname\mp_shipment\protocol\6\shortversion\1.7\sv_allowAnonymous\0\sv_disableClientConsole\0\sv_floodprotect\4\sv_hostname\CoD4Host\sv_maxclients\24\sv_maxPing\0\sv_maxRate\5000\sv_minPing\0\sv_privateClients\0\sv_punkbuster\0\sv_pure\1\sv_voice\0\ui_maxclients\32\version\CoD4 MP 1.8 win_mingw-x86-debug Aug 23 2017
  0:02 J;;0;Professor Um
  0:31 ShutdownGame:
  0:31 ------------------------------------------------------------
  0:00 ------------------------------------------------------------
  0:00 InitGame: \fs_game\mods/spe\g_compassShowEnemies\0\g_gametype\war\gamename\Call of Duty 4\mapname\mp_shipment\protocol\6\shortversion\1.7\sv_allowAnonymous\0\sv_disableClientConsole\0\sv_floodprotect\4\sv_hostname\CoD4Host\sv_maxclients\24\sv_maxPing\0\sv_maxRate\5000\sv_minPing\0\sv_privateClients\0\sv_punkbuster\0\sv_pure\1\sv_voice\0\ui_maxclients\32\version\CoD4 MP 1.8 win_mingw-x86-debug Aug 23 2017
  0:02 J;;0;Professor Um
  0:23 sayteam;;0;Professor Um;QUICKMESSAGE_ENEMIES_SPOTTED
  0:26 ShutdownGame:
  0:26 ------------------------------------------------------------
  0:00 ------------------------------------------------------------
  0:00 InitGame: \fs_game\mods/spe\g_compassShowEnemies\0\g_gametype\war\gamename\Call of Duty 4\mapname\mp_shipment\protocol\6\shortversion\1.7\sv_allowAnonymous\0\sv_disableClientConsole\0\sv_floodprotect\4\sv_hostname\CoD4Host\sv_maxclients\24\sv_maxPing\0\sv_maxRate\5000\sv_minPing\0\sv_privateClients\0\sv_punkbuster\0\sv_pure\1\sv_voice\0\ui_maxclients\32\version\CoD4 MP 1.8 win_mingw-x86-debug Aug 23 2017
  0:02 J;;0;Professor Um
  0:48 ShutdownGame:
  0:48 ------------------------------------------------------------
  0:00 ------------------------------------------------------------
  0:00 InitGame: \fs_game\mods/spe\g_compassShowEnemies\0\g_gametype\war\gamename\Call of Duty 4\mapname\mp_shipment\protocol\6\shortversion\1.7\sv_allowAnonymous\0\sv_disableClientConsole\0\sv_floodprotect\4\sv_hostname\CoD4Host\sv_maxclients\24\sv_maxPing\0\sv_maxRate\5000\sv_minPing\0\sv_privateClients\0\sv_punkbuster\0\sv_pure\1\sv_voice\0\ui_maxclients\32\version\CoD4 MP 1.8 win_mingw-x86-debug Aug 23 2017
  0:02 J;;0;Professor Um
  0:26 ShutdownGame:
  0:26 ------------------------------------------------------------
  0:00 ------------------------------------------------------------
  0:00 InitGame: \fs_game\mods/spe\g_compassShowEnemies\0\g_gametype\war\gamename\Call of Duty 4\mapname\mp_shipment\protocol\6\shortversion\1.7\sv_allowAnonymous\0\sv_disableClientConsole\0\sv_floodprotect\4\sv_hostname\CoD4Host\sv_maxclients\24\sv_maxPing\0\sv_maxRate\5000\sv_minPing\0\sv_privateClients\0\sv_punkbuster\0\sv_pure\1\sv_voice\0\ui_maxclients\32\version\CoD4 MP 1.8 win_mingw-x86-debug Aug 23 2017
  0:02 J;;0;Professor Um
  0:03 ShutdownGame:
  0:03 ------------------------------------------------------------
